<?xml version="1.0" encoding="UTF-8"?>
<!-- Generated by org.testng.reporters.JUnitReportReporter -->
<testsuite hostname="MacBook-Pro-Yaroslav.local" failures="0" tests="1" name="main.CheckCNP" time="5.481" errors="0" timestamp="2023-06-08T14:54:32 CEST" skipped="0">
  <testcase classname="main.CheckCNP" name="inputCNP" time="5.481"/>
  <system-out/>
</testsuite> <!-- main.CheckCNP -->
